<?xml version="1.0" encoding="UTF-8"?>
<testng-results ignored="0" total="2" passed="2" failed="0" skipped="0">
  <reporter-output>
  </reporter-output>
  <suite started-at="2023-04-11T22:15:29 MYT" name="Zurich V1" finished-at="2023-04-11T22:16:07 MYT" duration-ms="37777">
    <groups>
    </groups>
    <test started-at="2023-04-11T22:15:29 MYT" name="Zurich Test Framework" finished-at="2023-04-11T22:16:07 MYT" duration-ms="37777">
      <class name="com.zurich.testcases.LoginTest">
        <test-method is-config="true" signature="setup()[pri:0, instance:com.zurich.testcases.LoginTest@4f83df68]" started-at="2023-04-11T22:15:29 MYT" name="setup" finished-at="2023-04-11T22:15:40 MYT" duration-ms="11156" status="PASS">
          <reporter-output>
          </reporter-output>
        </test-method> <!-- setup -->
        <test-method signature="verifySuccessfulLogin()[pri:0, instance:com.zurich.testcases.LoginTest@4f83df68]" started-at="2023-04-11T22:15:40 MYT" name="verifySuccessfulLogin" finished-at="2023-04-11T22:15:42 MYT" duration-ms="2158" status="PASS">
          <reporter-output>
          </reporter-output>
        </test-method> <!-- verifySuccessfulLogin -->
        <test-method is-config="true" signature="tearDown()[pri:0, instance:com.zurich.testcases.LoginTest@4f83df68]" started-at="2023-04-11T22:15:42 MYT" name="tearDown" finished-at="2023-04-11T22:15:42 MYT" duration-ms="120" status="PASS">
          <reporter-output>
          </reporter-output>
        </test-method> <!-- tearDown -->
      </class> <!-- com.zurich.testcases.LoginTest -->
      <class name="com.zurich.testcases.AdminTest">
        <test-method is-config="true" signature="setup()[pri:0, instance:com.zurich.testcases.AdminTest@73a1e9a9]" started-at="2023-04-11T22:15:43 MYT" name="setup" finished-at="2023-04-11T22:15:51 MYT" duration-ms="8823" status="PASS">
          <reporter-output>
          </reporter-output>
        </test-method> <!-- setup -->
        <test-method signature="createAddUser(java.lang.String,java.lang.String,java.lang.String,java.lang.String,java.lang.String,java.lang.String)[pri:0, instance:com.zurich.testcases.AdminTest@73a1e9a9]" started-at="2023-04-11T22:15:51 MYT" name="createAddUser" data-provider="addUserTestData" finished-at="2023-04-11T22:16:06 MYT" duration-ms="14990" status="PASS">
          <params>
            <param index="0">
              <value>
                <![CDATA[Admin]]>
              </value>
            </param>
            <param index="1">
              <value>
                <![CDATA[MTest  ATest]]>
              </value>
            </param>
            <param index="2">
              <value>
                <![CDATA[Enabled]]>
              </value>
            </param>
            <param index="3">
              <value>
                <![CDATA[TestAni28]]>
              </value>
            </param>
            <param index="4">
              <value>
                <![CDATA[Aa@12345678]]>
              </value>
            </param>
            <param index="5">
              <value>
                <![CDATA[Aa@12345678]]>
              </value>
            </param>
          </params>
          <reporter-output>
          </reporter-output>
        </test-method> <!-- createAddUser -->
        <test-method is-config="true" signature="tearDown()[pri:0, instance:com.zurich.testcases.AdminTest@73a1e9a9]" started-at="2023-04-11T22:16:06 MYT" name="tearDown" finished-at="2023-04-11T22:16:07 MYT" duration-ms="154" status="PASS">
          <reporter-output>
          </reporter-output>
        </test-method> <!-- tearDown -->
      </class> <!-- com.zurich.testcases.AdminTest -->
    </test> <!-- Zurich Test Framework -->
  </suite> <!-- Zurich V1 -->
</testng-results>
